2015-12-21 18:10:50,203 [Worker-11] INFO  o.e.m.c.i.l.LifecycleMappingFactory - Using org.eclipse.m2e.jdt.JarLifecycleMapping lifecycle mapping for MavenProject: Cucumber-jvm:Cucumber-jvm:0.0.1-SNAPSHOT @ /Users/user/Desktop/BTS/SoftwareCraftsmanship/Cucumber-jvm/pom.xml.
2015-12-21 18:10:54,852 [Worker-15] WARN  o.e.m.c.i.embedder.EclipseLogger - Using platform encoding (UTF-8 actually) to copy filtered resources, i.e. build is platform dependent!
2015-12-21 18:10:54,940 [Worker-15] INFO  o.e.m.c.i.embedder.EclipseLogger - skip non existing resourceDirectory /Users/user/Desktop/BTS/SoftwareCraftsmanship/Cucumber-jvm/src/main/resources
2015-12-21 18:10:54,943 [Worker-15] WARN  o.e.m.c.i.embedder.EclipseLogger - Using platform encoding (UTF-8 actually) to copy filtered resources, i.e. build is platform dependent!
2015-12-21 18:10:54,944 [Worker-15] INFO  o.e.m.c.i.embedder.EclipseLogger - skip non existing resourceDirectory /Users/user/Desktop/BTS/SoftwareCraftsmanship/Cucumber-jvm/src/test/resources
2015-12-21 18:10:54,966 [Worker-11] INFO  o.e.m.j.i.AbstractJavaProjectConfigurator - Adding source folder /Cucumber-jvm/src
2015-12-21 18:10:54,969 [Worker-11] INFO  o.e.m.j.i.AbstractJavaProjectConfigurator - Not adding source folder /Cucumber-jvm/src/test/java because it overlaps with /Cucumber-jvm/src
2015-12-21 18:10:55,673 [Worker-5] WARN  o.e.m.c.i.embedder.EclipseLogger - Using platform encoding (UTF-8 actually) to copy filtered resources, i.e. build is platform dependent!
2015-12-21 18:10:55,675 [Worker-5] INFO  o.e.m.c.i.embedder.EclipseLogger - skip non existing resourceDirectory /Users/user/Desktop/BTS/SoftwareCraftsmanship/Cucumber-jvm/src/main/resources
2015-12-21 18:10:55,687 [Worker-5] WARN  o.e.m.c.i.embedder.EclipseLogger - Using platform encoding (UTF-8 actually) to copy filtered resources, i.e. build is platform dependent!
2015-12-21 18:10:55,688 [Worker-5] INFO  o.e.m.c.i.embedder.EclipseLogger - skip non existing resourceDirectory /Users/user/Desktop/BTS/SoftwareCraftsmanship/Cucumber-jvm/src/test/resources
2015-12-21 18:10:55,697 [Worker-11] INFO  o.e.m.c.i.p.ProjectConfigurationManager - Update started
2015-12-21 18:10:58,953 [Worker-11] INFO  o.e.m.c.i.l.LifecycleMappingFactory - Using org.eclipse.m2e.jdt.JarLifecycleMapping lifecycle mapping for MavenProject: Cucumber-jvm:Cucumber-jvm:0.0.1-SNAPSHOT @ /Users/user/Desktop/BTS/SoftwareCraftsmanship/Cucumber-jvm/pom.xml.
2015-12-21 18:10:59,486 [Worker-7] WARN  o.e.m.c.i.embedder.EclipseLogger - Using platform encoding (UTF-8 actually) to copy filtered resources, i.e. build is platform dependent!
2015-12-21 18:10:59,506 [Worker-7] INFO  o.e.m.c.i.embedder.EclipseLogger - skip non existing resourceDirectory /Users/user/Desktop/BTS/SoftwareCraftsmanship/Cucumber-jvm/src/main/resources
2015-12-21 18:10:59,509 [Worker-7] WARN  o.e.m.c.i.embedder.EclipseLogger - Using platform encoding (UTF-8 actually) to copy filtered resources, i.e. build is platform dependent!
2015-12-21 18:10:59,510 [Worker-7] INFO  o.e.m.c.i.embedder.EclipseLogger - skip non existing resourceDirectory /Users/user/Desktop/BTS/SoftwareCraftsmanship/Cucumber-jvm/src/test/resources
2015-12-21 18:10:59,871 [Worker-11] INFO  o.e.m.j.i.AbstractJavaProjectConfigurator - Adding source folder /Cucumber-jvm/src
2015-12-21 18:10:59,872 [Worker-11] INFO  o.e.m.j.i.AbstractJavaProjectConfigurator - Not adding source folder /Cucumber-jvm/src/test/java because it overlaps with /Cucumber-jvm/src
2015-12-21 18:10:59,932 [Worker-11] INFO  o.e.m.c.i.p.ProjectConfigurationManager - Update completed: 4 sec
2015-12-21 18:11:00,040 [Worker-6] WARN  o.e.m.c.i.embedder.EclipseLogger - Using platform encoding (UTF-8 actually) to copy filtered resources, i.e. build is platform dependent!
2015-12-21 18:11:00,041 [Worker-6] INFO  o.e.m.c.i.embedder.EclipseLogger - skip non existing resourceDirectory /Users/user/Desktop/BTS/SoftwareCraftsmanship/Cucumber-jvm/src/main/resources
2015-12-21 18:11:00,042 [Worker-6] WARN  o.e.m.c.i.embedder.EclipseLogger - Using platform encoding (UTF-8 actually) to copy filtered resources, i.e. build is platform dependent!
2015-12-21 18:11:00,043 [Worker-6] INFO  o.e.m.c.i.embedder.EclipseLogger - skip non existing resourceDirectory /Users/user/Desktop/BTS/SoftwareCraftsmanship/Cucumber-jvm/src/test/resources
2015-12-21 18:11:49,564 [Worker-1] INFO  o.e.m.c.i.l.LifecycleMappingFactory - Using org.eclipse.m2e.jdt.JarLifecycleMapping lifecycle mapping for MavenProject: Cucumber-jvm:Cucumber-jvm:0.0.1-SNAPSHOT @ /Users/user/Desktop/BTS/SoftwareCraftsmanship/Cucumber-jvm/pom.xml.
2015-12-21 18:11:50,060 [Worker-1] INFO  o.e.m.c.i.e.AbstractTransferListenerAdapter - Downloading https://repo.maven.apache.org/maven2/info/cukes/cucumber-java8/1.2.3/cucumber-java8-1.2.3.pom
2015-12-21 18:11:50,121 [Worker-1] INFO  o.e.m.c.i.e.AbstractTransferListenerAdapter - Downloaded https://repo.maven.apache.org/maven2/info/cukes/cucumber-java8/1.2.3/cucumber-java8-1.2.3.pom
2015-12-21 18:11:50,204 [Worker-1] INFO  o.e.m.c.i.e.AbstractTransferListenerAdapter - Downloading https://repo.maven.apache.org/maven2/info/cukes/cucumber-jvm/1.2.3/cucumber-jvm-1.2.3.pom
2015-12-21 18:11:50,258 [Worker-1] INFO  o.e.m.c.i.e.AbstractTransferListenerAdapter - Downloaded https://repo.maven.apache.org/maven2/info/cukes/cucumber-jvm/1.2.3/cucumber-jvm-1.2.3.pom
2015-12-21 18:11:50,352 [Worker-1] INFO  o.e.m.c.i.e.AbstractTransferListenerAdapter - Downloading https://repo.maven.apache.org/maven2/info/cukes/cucumber-java/1.2.3/cucumber-java-1.2.3.pom
2015-12-21 18:11:50,387 [Worker-1] INFO  o.e.m.c.i.e.AbstractTransferListenerAdapter - Downloaded https://repo.maven.apache.org/maven2/info/cukes/cucumber-java/1.2.3/cucumber-java-1.2.3.pom
2015-12-21 18:11:50,432 [Worker-1] INFO  o.e.m.c.i.e.AbstractTransferListenerAdapter - Downloading https://repo.maven.apache.org/maven2/info/cukes/cucumber-core/1.2.3/cucumber-core-1.2.3.pom
2015-12-21 18:11:50,467 [Worker-1] INFO  o.e.m.c.i.e.AbstractTransferListenerAdapter - Downloaded https://repo.maven.apache.org/maven2/info/cukes/cucumber-core/1.2.3/cucumber-core-1.2.3.pom
2015-12-21 18:11:50,511 [Worker-1] INFO  o.e.m.c.i.e.AbstractTransferListenerAdapter - Downloading https://repo.maven.apache.org/maven2/info/cukes/cucumber-html/0.2.3/cucumber-html-0.2.3.pom
2015-12-21 18:11:50,545 [Worker-1] INFO  o.e.m.c.i.e.AbstractTransferListenerAdapter - Downloaded https://repo.maven.apache.org/maven2/info/cukes/cucumber-html/0.2.3/cucumber-html-0.2.3.pom
2015-12-21 18:11:50,584 [Worker-1] INFO  o.e.m.c.i.e.AbstractTransferListenerAdapter - Downloading https://repo.maven.apache.org/maven2/org/sonatype/oss/oss-parent/6/oss-parent-6.pom
2015-12-21 18:11:50,622 [Worker-1] INFO  o.e.m.c.i.e.AbstractTransferListenerAdapter - Downloaded https://repo.maven.apache.org/maven2/org/sonatype/oss/oss-parent/6/oss-parent-6.pom
2015-12-21 18:11:50,662 [Worker-1] INFO  o.e.m.c.i.e.AbstractTransferListenerAdapter - Downloading https://repo.maven.apache.org/maven2/info/cukes/cucumber-jvm-deps/1.0.5/cucumber-jvm-deps-1.0.5.pom
2015-12-21 18:11:50,700 [Worker-1] INFO  o.e.m.c.i.e.AbstractTransferListenerAdapter - Downloaded https://repo.maven.apache.org/maven2/info/cukes/cucumber-jvm-deps/1.0.5/cucumber-jvm-deps-1.0.5.pom
2015-12-21 18:11:50,743 [Worker-1] INFO  o.e.m.c.i.e.AbstractTransferListenerAdapter - Downloading https://repo.maven.apache.org/maven2/info/cukes/gherkin/2.12.2/gherkin-2.12.2.pom
2015-12-21 18:11:50,791 [Worker-1] INFO  o.e.m.c.i.e.AbstractTransferListenerAdapter - Downloaded https://repo.maven.apache.org/maven2/info/cukes/gherkin/2.12.2/gherkin-2.12.2.pom
2015-12-21 18:11:50,831 [Worker-1] INFO  o.e.m.c.i.e.AbstractTransferListenerAdapter - Downloading https://repo.maven.apache.org/maven2/info/cukes/cucumber-java8/1.2.3/cucumber-java8-1.2.3.jar
2015-12-21 18:11:51,002 [Worker-1] INFO  o.e.m.c.i.e.AbstractTransferListenerAdapter - Downloaded https://repo.maven.apache.org/maven2/info/cukes/cucumber-java8/1.2.3/cucumber-java8-1.2.3.jar
2015-12-21 18:11:51,044 [Worker-1] INFO  o.e.m.c.i.e.AbstractTransferListenerAdapter - Downloading https://repo.maven.apache.org/maven2/info/cukes/cucumber-java/1.2.3/cucumber-java-1.2.3.jar
2015-12-21 18:11:51,254 [Worker-1] INFO  o.e.m.c.i.e.AbstractTransferListenerAdapter - Downloaded https://repo.maven.apache.org/maven2/info/cukes/cucumber-java/1.2.3/cucumber-java-1.2.3.jar
2015-12-21 18:11:51,296 [Worker-1] INFO  o.e.m.c.i.e.AbstractTransferListenerAdapter - Downloading https://repo.maven.apache.org/maven2/info/cukes/cucumber-core/1.2.3/cucumber-core-1.2.3.jar
2015-12-21 18:11:51,517 [Worker-1] INFO  o.e.m.c.i.e.AbstractTransferListenerAdapter - Downloaded https://repo.maven.apache.org/maven2/info/cukes/cucumber-core/1.2.3/cucumber-core-1.2.3.jar
2015-12-21 18:11:51,561 [Worker-1] INFO  o.e.m.c.i.e.AbstractTransferListenerAdapter - Downloading https://repo.maven.apache.org/maven2/info/cukes/cucumber-html/0.2.3/cucumber-html-0.2.3.jar
2015-12-21 18:11:51,622 [Worker-1] INFO  o.e.m.c.i.e.AbstractTransferListenerAdapter - Downloaded https://repo.maven.apache.org/maven2/info/cukes/cucumber-html/0.2.3/cucumber-html-0.2.3.jar
2015-12-21 18:11:51,654 [Worker-1] INFO  o.e.m.c.i.e.AbstractTransferListenerAdapter - Downloading https://repo.maven.apache.org/maven2/info/cukes/cucumber-jvm-deps/1.0.5/cucumber-jvm-deps-1.0.5.jar
2015-12-21 18:11:52,197 [Worker-1] INFO  o.e.m.c.i.e.AbstractTransferListenerAdapter - Downloaded https://repo.maven.apache.org/maven2/info/cukes/cucumber-jvm-deps/1.0.5/cucumber-jvm-deps-1.0.5.jar
2015-12-21 18:11:52,240 [Worker-1] INFO  o.e.m.c.i.e.AbstractTransferListenerAdapter - Downloading https://repo.maven.apache.org/maven2/info/cukes/gherkin/2.12.2/gherkin-2.12.2.jar
2015-12-21 18:11:53,893 [Worker-1] INFO  o.e.m.c.i.e.AbstractTransferListenerAdapter - Downloaded https://repo.maven.apache.org/maven2/info/cukes/gherkin/2.12.2/gherkin-2.12.2.jar
2015-12-21 18:11:55,317 [Worker-1] WARN  o.e.m.c.i.embedder.EclipseLogger - Using platform encoding (UTF-8 actually) to copy filtered resources, i.e. build is platform dependent!
2015-12-21 18:11:55,337 [Worker-1] INFO  o.e.m.c.i.embedder.EclipseLogger - skip non existing resourceDirectory /Users/user/Desktop/BTS/SoftwareCraftsmanship/Cucumber-jvm/src/main/resources
2015-12-21 18:11:55,340 [Worker-1] WARN  o.e.m.c.i.embedder.EclipseLogger - Using platform encoding (UTF-8 actually) to copy filtered resources, i.e. build is platform dependent!
2015-12-21 18:11:55,341 [Worker-1] INFO  o.e.m.c.i.embedder.EclipseLogger - skip non existing resourceDirectory /Users/user/Desktop/BTS/SoftwareCraftsmanship/Cucumber-jvm/src/test/resources
2015-12-21 18:11:57,193 [Worker-3] WARN  o.e.m.c.i.embedder.EclipseLogger - Using platform encoding (UTF-8 actually) to copy filtered resources, i.e. build is platform dependent!
2015-12-21 18:11:57,195 [Worker-3] INFO  o.e.m.c.i.embedder.EclipseLogger - skip non existing resourceDirectory /Users/user/Desktop/BTS/SoftwareCraftsmanship/Cucumber-jvm/src/main/resources
2015-12-21 18:11:57,196 [Worker-3] WARN  o.e.m.c.i.embedder.EclipseLogger - Using platform encoding (UTF-8 actually) to copy filtered resources, i.e. build is platform dependent!
2015-12-21 18:11:57,236 [Worker-3] INFO  o.e.m.c.i.embedder.EclipseLogger - skip non existing resourceDirectory /Users/user/Desktop/BTS/SoftwareCraftsmanship/Cucumber-jvm/src/test/resources
2015-12-21 18:20:20,616 [Worker-7] WARN  o.e.m.c.i.embedder.EclipseLogger - Using platform encoding (UTF-8 actually) to copy filtered resources, i.e. build is platform dependent!
2015-12-21 18:20:20,758 [Worker-7] INFO  o.e.m.c.i.embedder.EclipseLogger - skip non existing resourceDirectory /Users/user/Desktop/BTS/SoftwareCraftsmanship/Cucumber-jvm/src/main/resources
2015-12-21 18:20:20,761 [Worker-7] WARN  o.e.m.c.i.embedder.EclipseLogger - Using platform encoding (UTF-8 actually) to copy filtered resources, i.e. build is platform dependent!
2015-12-21 18:20:20,762 [Worker-7] INFO  o.e.m.c.i.embedder.EclipseLogger - skip non existing resourceDirectory /Users/user/Desktop/BTS/SoftwareCraftsmanship/Cucumber-jvm/src/test/resources
2015-12-21 18:20:56,506 [Worker-17] WARN  o.e.m.c.i.embedder.EclipseLogger - Using platform encoding (UTF-8 actually) to copy filtered resources, i.e. build is platform dependent!
2015-12-21 18:20:56,507 [Worker-17] INFO  o.e.m.c.i.embedder.EclipseLogger - skip non existing resourceDirectory /Users/user/Desktop/BTS/SoftwareCraftsmanship/Cucumber-jvm/src/main/resources
2015-12-21 18:20:56,509 [Worker-17] WARN  o.e.m.c.i.embedder.EclipseLogger - Using platform encoding (UTF-8 actually) to copy filtered resources, i.e. build is platform dependent!
2015-12-21 18:20:56,510 [Worker-17] INFO  o.e.m.c.i.embedder.EclipseLogger - skip non existing resourceDirectory /Users/user/Desktop/BTS/SoftwareCraftsmanship/Cucumber-jvm/src/test/resources
2015-12-21 18:21:22,396 [Worker-16] WARN  o.e.m.c.i.embedder.EclipseLogger - Using platform encoding (UTF-8 actually) to copy filtered resources, i.e. build is platform dependent!
2015-12-21 18:21:22,397 [Worker-16] INFO  o.e.m.c.i.embedder.EclipseLogger - skip non existing resourceDirectory /Users/user/Desktop/BTS/SoftwareCraftsmanship/Cucumber-jvm/src/main/resources
2015-12-21 18:21:22,399 [Worker-16] WARN  o.e.m.c.i.embedder.EclipseLogger - Using platform encoding (UTF-8 actually) to copy filtered resources, i.e. build is platform dependent!
2015-12-21 18:21:22,435 [Worker-16] INFO  o.e.m.c.i.embedder.EclipseLogger - skip non existing resourceDirectory /Users/user/Desktop/BTS/SoftwareCraftsmanship/Cucumber-jvm/src/test/resources
2015-12-21 18:21:53,283 [Worker-17] WARN  o.e.m.c.i.embedder.EclipseLogger - Using platform encoding (UTF-8 actually) to copy filtered resources, i.e. build is platform dependent!
2015-12-21 18:21:53,318 [Worker-17] INFO  o.e.m.c.i.embedder.EclipseLogger - skip non existing resourceDirectory /Users/user/Desktop/BTS/SoftwareCraftsmanship/Cucumber-jvm/src/main/resources
2015-12-21 18:21:53,319 [Worker-17] WARN  o.e.m.c.i.embedder.EclipseLogger - Using platform encoding (UTF-8 actually) to copy filtered resources, i.e. build is platform dependent!
2015-12-21 18:21:53,331 [Worker-17] INFO  o.e.m.c.i.embedder.EclipseLogger - skip non existing resourceDirectory /Users/user/Desktop/BTS/SoftwareCraftsmanship/Cucumber-jvm/src/test/resources
2015-12-21 18:22:04,992 [Worker-7] WARN  o.e.m.c.i.embedder.EclipseLogger - Using platform encoding (UTF-8 actually) to copy filtered resources, i.e. build is platform dependent!
2015-12-21 18:22:04,993 [Worker-7] INFO  o.e.m.c.i.embedder.EclipseLogger - skip non existing resourceDirectory /Users/user/Desktop/BTS/SoftwareCraftsmanship/Cucumber-jvm/src/main/resources
2015-12-21 18:22:04,995 [Worker-7] WARN  o.e.m.c.i.embedder.EclipseLogger - Using platform encoding (UTF-8 actually) to copy filtered resources, i.e. build is platform dependent!
2015-12-21 18:22:04,996 [Worker-7] INFO  o.e.m.c.i.embedder.EclipseLogger - skip non existing resourceDirectory /Users/user/Desktop/BTS/SoftwareCraftsmanship/Cucumber-jvm/src/test/resources
2015-12-21 18:22:08,143 [Worker-7] WARN  o.e.m.c.i.embedder.EclipseLogger - Using platform encoding (UTF-8 actually) to copy filtered resources, i.e. build is platform dependent!
2015-12-21 18:22:08,143 [Worker-7] INFO  o.e.m.c.i.embedder.EclipseLogger - skip non existing resourceDirectory /Users/user/Desktop/BTS/SoftwareCraftsmanship/Cucumber-jvm/src/main/resources
2015-12-21 18:22:08,146 [Worker-7] WARN  o.e.m.c.i.embedder.EclipseLogger - Using platform encoding (UTF-8 actually) to copy filtered resources, i.e. build is platform dependent!
2015-12-21 18:22:08,147 [Worker-7] INFO  o.e.m.c.i.embedder.EclipseLogger - skip non existing resourceDirectory /Users/user/Desktop/BTS/SoftwareCraftsmanship/Cucumber-jvm/src/test/resources
2015-12-21 18:24:34,947 [Worker-16] INFO  o.e.m.c.i.l.LifecycleMappingFactory - Using org.eclipse.m2e.jdt.JarLifecycleMapping lifecycle mapping for MavenProject: Cucumber-jvm:Cucumber-jvm:0.0.1-SNAPSHOT @ /Users/user/Desktop/BTS/SoftwareCraftsmanship/Cucumber-jvm/pom.xml.
2015-12-21 18:24:35,908 [Worker-16] INFO  o.e.m.c.i.e.AbstractTransferListenerAdapter - Downloading https://repo.maven.apache.org/maven2/info/cukes/cucumber-junit/1.2.3/cucumber-junit-1.2.3.pom
2015-12-21 18:24:35,944 [Worker-16] INFO  o.e.m.c.i.e.AbstractTransferListenerAdapter - Downloaded https://repo.maven.apache.org/maven2/info/cukes/cucumber-junit/1.2.3/cucumber-junit-1.2.3.pom
2015-12-21 18:24:36,010 [Worker-16] INFO  o.e.m.c.i.e.AbstractTransferListenerAdapter - Downloading https://repo.maven.apache.org/maven2/junit/junit/4.11/junit-4.11.pom
2015-12-21 18:24:36,046 [Worker-16] INFO  o.e.m.c.i.e.AbstractTransferListenerAdapter - Downloaded https://repo.maven.apache.org/maven2/junit/junit/4.11/junit-4.11.pom
2015-12-21 18:24:36,112 [Worker-16] INFO  o.e.m.c.i.e.AbstractTransferListenerAdapter - Downloading https://repo.maven.apache.org/maven2/org/hamcrest/hamcrest-core/1.3/hamcrest-core-1.3.pom
2015-12-21 18:24:36,146 [Worker-16] INFO  o.e.m.c.i.e.AbstractTransferListenerAdapter - Downloaded https://repo.maven.apache.org/maven2/org/hamcrest/hamcrest-core/1.3/hamcrest-core-1.3.pom
2015-12-21 18:24:36,183 [Worker-16] INFO  o.e.m.c.i.e.AbstractTransferListenerAdapter - Downloading https://repo.maven.apache.org/maven2/org/hamcrest/hamcrest-parent/1.3/hamcrest-parent-1.3.pom
2015-12-21 18:24:36,223 [Worker-16] INFO  o.e.m.c.i.e.AbstractTransferListenerAdapter - Downloaded https://repo.maven.apache.org/maven2/org/hamcrest/hamcrest-parent/1.3/hamcrest-parent-1.3.pom
2015-12-21 18:24:36,306 [Worker-16] INFO  o.e.m.c.i.e.AbstractTransferListenerAdapter - Downloading https://repo.maven.apache.org/maven2/info/cukes/cucumber-junit/1.2.3/cucumber-junit-1.2.3.jar
2015-12-21 18:24:36,343 [Worker-16] INFO  o.e.m.c.i.e.AbstractTransferListenerAdapter - Downloaded https://repo.maven.apache.org/maven2/info/cukes/cucumber-junit/1.2.3/cucumber-junit-1.2.3.jar
2015-12-21 18:24:36,385 [Worker-16] INFO  o.e.m.c.i.e.AbstractTransferListenerAdapter - Downloading https://repo.maven.apache.org/maven2/junit/junit/4.11/junit-4.11.jar
2015-12-21 18:24:36,600 [Worker-16] INFO  o.e.m.c.i.e.AbstractTransferListenerAdapter - Downloaded https://repo.maven.apache.org/maven2/junit/junit/4.11/junit-4.11.jar
2015-12-21 18:24:36,633 [Worker-16] INFO  o.e.m.c.i.e.AbstractTransferListenerAdapter - Downloading https://repo.maven.apache.org/maven2/org/hamcrest/hamcrest-core/1.3/hamcrest-core-1.3.jar
2015-12-21 18:24:36,688 [Worker-16] INFO  o.e.m.c.i.e.AbstractTransferListenerAdapter - Downloaded https://repo.maven.apache.org/maven2/org/hamcrest/hamcrest-core/1.3/hamcrest-core-1.3.jar
2015-12-21 18:24:38,888 [Worker-16] WARN  o.e.m.c.i.embedder.EclipseLogger - Using platform encoding (UTF-8 actually) to copy filtered resources, i.e. build is platform dependent!
2015-12-21 18:24:38,903 [Worker-16] INFO  o.e.m.c.i.embedder.EclipseLogger - skip non existing resourceDirectory /Users/user/Desktop/BTS/SoftwareCraftsmanship/Cucumber-jvm/src/main/resources
2015-12-21 18:24:38,905 [Worker-16] WARN  o.e.m.c.i.embedder.EclipseLogger - Using platform encoding (UTF-8 actually) to copy filtered resources, i.e. build is platform dependent!
2015-12-21 18:24:38,906 [Worker-16] INFO  o.e.m.c.i.embedder.EclipseLogger - skip non existing resourceDirectory /Users/user/Desktop/BTS/SoftwareCraftsmanship/Cucumber-jvm/src/test/resources
2015-12-21 18:24:41,124 [Worker-16] WARN  o.e.m.c.i.embedder.EclipseLogger - Using platform encoding (UTF-8 actually) to copy filtered resources, i.e. build is platform dependent!
2015-12-21 18:24:41,125 [Worker-16] INFO  o.e.m.c.i.embedder.EclipseLogger - skip non existing resourceDirectory /Users/user/Desktop/BTS/SoftwareCraftsmanship/Cucumber-jvm/src/main/resources
2015-12-21 18:24:41,127 [Worker-16] WARN  o.e.m.c.i.embedder.EclipseLogger - Using platform encoding (UTF-8 actually) to copy filtered resources, i.e. build is platform dependent!
2015-12-21 18:24:41,128 [Worker-16] INFO  o.e.m.c.i.embedder.EclipseLogger - skip non existing resourceDirectory /Users/user/Desktop/BTS/SoftwareCraftsmanship/Cucumber-jvm/src/test/resources
2015-12-21 18:25:54,439 [Worker-19] WARN  o.e.m.c.i.embedder.EclipseLogger - Using platform encoding (UTF-8 actually) to copy filtered resources, i.e. build is platform dependent!
2015-12-21 18:25:54,477 [Worker-19] INFO  o.e.m.c.i.embedder.EclipseLogger - skip non existing resourceDirectory /Users/user/Desktop/BTS/SoftwareCraftsmanship/Cucumber-jvm/src/main/resources
2015-12-21 18:25:54,478 [Worker-19] WARN  o.e.m.c.i.embedder.EclipseLogger - Using platform encoding (UTF-8 actually) to copy filtered resources, i.e. build is platform dependent!
2015-12-21 18:25:54,490 [Worker-19] INFO  o.e.m.c.i.embedder.EclipseLogger - skip non existing resourceDirectory /Users/user/Desktop/BTS/SoftwareCraftsmanship/Cucumber-jvm/src/test/resources
2015-12-21 18:26:42,837 [Worker-20] WARN  o.e.m.c.i.embedder.EclipseLogger - Using platform encoding (UTF-8 actually) to copy filtered resources, i.e. build is platform dependent!
2015-12-21 18:26:42,838 [Worker-20] INFO  o.e.m.c.i.embedder.EclipseLogger - skip non existing resourceDirectory /Users/user/Desktop/BTS/SoftwareCraftsmanship/Cucumber-jvm/src/main/resources
2015-12-21 18:26:42,840 [Worker-20] WARN  o.e.m.c.i.embedder.EclipseLogger - Using platform encoding (UTF-8 actually) to copy filtered resources, i.e. build is platform dependent!
2015-12-21 18:26:42,841 [Worker-20] INFO  o.e.m.c.i.embedder.EclipseLogger - skip non existing resourceDirectory /Users/user/Desktop/BTS/SoftwareCraftsmanship/Cucumber-jvm/src/test/resources
2015-12-21 18:31:52,568 [Worker-20] WARN  o.e.m.c.i.embedder.EclipseLogger - Using platform encoding (UTF-8 actually) to copy filtered resources, i.e. build is platform dependent!
2015-12-21 18:31:52,569 [Worker-20] INFO  o.e.m.c.i.embedder.EclipseLogger - skip non existing resourceDirectory /Users/user/Desktop/BTS/SoftwareCraftsmanship/Cucumber-jvm/src/main/resources
2015-12-21 18:31:52,570 [Worker-20] WARN  o.e.m.c.i.embedder.EclipseLogger - Using platform encoding (UTF-8 actually) to copy filtered resources, i.e. build is platform dependent!
2015-12-21 18:31:52,571 [Worker-20] INFO  o.e.m.c.i.embedder.EclipseLogger - skip non existing resourceDirectory /Users/user/Desktop/BTS/SoftwareCraftsmanship/Cucumber-jvm/src/test/resources
2015-12-21 18:32:24,593 [Worker-20] WARN  o.e.m.c.i.embedder.EclipseLogger - Using platform encoding (UTF-8 actually) to copy filtered resources, i.e. build is platform dependent!
2015-12-21 18:32:24,594 [Worker-20] INFO  o.e.m.c.i.embedder.EclipseLogger - skip non existing resourceDirectory /Users/user/Desktop/BTS/SoftwareCraftsmanship/Cucumber-jvm/src/main/resources
2015-12-21 18:32:24,595 [Worker-20] WARN  o.e.m.c.i.embedder.EclipseLogger - Using platform encoding (UTF-8 actually) to copy filtered resources, i.e. build is platform dependent!
2015-12-21 18:32:24,595 [Worker-20] INFO  o.e.m.c.i.embedder.EclipseLogger - skip non existing resourceDirectory /Users/user/Desktop/BTS/SoftwareCraftsmanship/Cucumber-jvm/src/test/resources
2015-12-21 18:32:35,053 [Worker-6] WARN  o.e.m.c.i.embedder.EclipseLogger - Using platform encoding (UTF-8 actually) to copy filtered resources, i.e. build is platform dependent!
2015-12-21 18:32:35,054 [Worker-6] INFO  o.e.m.c.i.embedder.EclipseLogger - skip non existing resourceDirectory /Users/user/Desktop/BTS/SoftwareCraftsmanship/Cucumber-jvm/src/main/resources
2015-12-21 18:32:35,055 [Worker-6] WARN  o.e.m.c.i.embedder.EclipseLogger - Using platform encoding (UTF-8 actually) to copy filtered resources, i.e. build is platform dependent!
2015-12-21 18:32:35,065 [Worker-6] INFO  o.e.m.c.i.embedder.EclipseLogger - skip non existing resourceDirectory /Users/user/Desktop/BTS/SoftwareCraftsmanship/Cucumber-jvm/src/test/resources
2015-12-21 18:32:39,496 [Worker-16] WARN  o.e.m.c.i.embedder.EclipseLogger - Using platform encoding (UTF-8 actually) to copy filtered resources, i.e. build is platform dependent!
2015-12-21 18:32:39,497 [Worker-16] INFO  o.e.m.c.i.embedder.EclipseLogger - skip non existing resourceDirectory /Users/user/Desktop/BTS/SoftwareCraftsmanship/Cucumber-jvm/src/main/resources
2015-12-21 18:32:39,499 [Worker-16] WARN  o.e.m.c.i.embedder.EclipseLogger - Using platform encoding (UTF-8 actually) to copy filtered resources, i.e. build is platform dependent!
2015-12-21 18:32:39,500 [Worker-16] INFO  o.e.m.c.i.embedder.EclipseLogger - skip non existing resourceDirectory /Users/user/Desktop/BTS/SoftwareCraftsmanship/Cucumber-jvm/src/test/resources
2015-12-21 18:32:46,735 [Worker-20] WARN  o.e.m.c.i.embedder.EclipseLogger - Using platform encoding (UTF-8 actually) to copy filtered resources, i.e. build is platform dependent!
2015-12-21 18:32:46,738 [Worker-20] INFO  o.e.m.c.i.embedder.EclipseLogger - skip non existing resourceDirectory /Users/user/Desktop/BTS/SoftwareCraftsmanship/Cucumber-jvm/src/main/resources
2015-12-21 18:32:46,740 [Worker-20] WARN  o.e.m.c.i.embedder.EclipseLogger - Using platform encoding (UTF-8 actually) to copy filtered resources, i.e. build is platform dependent!
2015-12-21 18:32:46,741 [Worker-20] INFO  o.e.m.c.i.embedder.EclipseLogger - skip non existing resourceDirectory /Users/user/Desktop/BTS/SoftwareCraftsmanship/Cucumber-jvm/src/test/resources
2015-12-21 18:33:58,771 [Worker-16] WARN  o.e.m.c.i.embedder.EclipseLogger - Using platform encoding (UTF-8 actually) to copy filtered resources, i.e. build is platform dependent!
2015-12-21 18:33:58,772 [Worker-16] INFO  o.e.m.c.i.embedder.EclipseLogger - skip non existing resourceDirectory /Users/user/Desktop/BTS/SoftwareCraftsmanship/Cucumber-jvm/src/main/resources
2015-12-21 18:33:58,773 [Worker-16] WARN  o.e.m.c.i.embedder.EclipseLogger - Using platform encoding (UTF-8 actually) to copy filtered resources, i.e. build is platform dependent!
2015-12-21 18:33:58,774 [Worker-16] INFO  o.e.m.c.i.embedder.EclipseLogger - skip non existing resourceDirectory /Users/user/Desktop/BTS/SoftwareCraftsmanship/Cucumber-jvm/src/test/resources
2015-12-21 18:35:11,512 [Worker-16] WARN  o.e.m.c.i.embedder.EclipseLogger - Using platform encoding (UTF-8 actually) to copy filtered resources, i.e. build is platform dependent!
2015-12-21 18:35:11,514 [Worker-16] INFO  o.e.m.c.i.embedder.EclipseLogger - skip non existing resourceDirectory /Users/user/Desktop/BTS/SoftwareCraftsmanship/Cucumber-jvm/src/main/resources
2015-12-21 18:35:11,515 [Worker-16] WARN  o.e.m.c.i.embedder.EclipseLogger - Using platform encoding (UTF-8 actually) to copy filtered resources, i.e. build is platform dependent!
2015-12-21 18:35:11,517 [Worker-16] INFO  o.e.m.c.i.embedder.EclipseLogger - skip non existing resourceDirectory /Users/user/Desktop/BTS/SoftwareCraftsmanship/Cucumber-jvm/src/test/resources
2015-12-21 18:36:01,895 [Worker-21] WARN  o.e.m.c.i.embedder.EclipseLogger - Using platform encoding (UTF-8 actually) to copy filtered resources, i.e. build is platform dependent!
2015-12-21 18:36:01,896 [Worker-21] INFO  o.e.m.c.i.embedder.EclipseLogger - skip non existing resourceDirectory /Users/user/Desktop/BTS/SoftwareCraftsmanship/Cucumber-jvm/src/main/resources
2015-12-21 18:36:01,897 [Worker-21] WARN  o.e.m.c.i.embedder.EclipseLogger - Using platform encoding (UTF-8 actually) to copy filtered resources, i.e. build is platform dependent!
2015-12-21 18:36:01,898 [Worker-21] INFO  o.e.m.c.i.embedder.EclipseLogger - skip non existing resourceDirectory /Users/user/Desktop/BTS/SoftwareCraftsmanship/Cucumber-jvm/src/test/resources
2015-12-21 18:36:54,704 [Worker-20] WARN  o.e.m.c.i.embedder.EclipseLogger - Using platform encoding (UTF-8 actually) to copy filtered resources, i.e. build is platform dependent!
2015-12-21 18:36:54,705 [Worker-20] INFO  o.e.m.c.i.embedder.EclipseLogger - skip non existing resourceDirectory /Users/user/Desktop/BTS/SoftwareCraftsmanship/Cucumber-jvm/src/main/resources
2015-12-21 18:36:54,706 [Worker-20] WARN  o.e.m.c.i.embedder.EclipseLogger - Using platform encoding (UTF-8 actually) to copy filtered resources, i.e. build is platform dependent!
2015-12-21 18:36:54,707 [Worker-20] INFO  o.e.m.c.i.embedder.EclipseLogger - skip non existing resourceDirectory /Users/user/Desktop/BTS/SoftwareCraftsmanship/Cucumber-jvm/src/test/resources
2015-12-21 18:38:54,240 [Worker-20] WARN  o.e.m.c.i.embedder.EclipseLogger - Using platform encoding (UTF-8 actually) to copy filtered resources, i.e. build is platform dependent!
2015-12-21 18:38:54,241 [Worker-20] INFO  o.e.m.c.i.embedder.EclipseLogger - skip non existing resourceDirectory /Users/user/Desktop/BTS/SoftwareCraftsmanship/Cucumber-jvm/src/main/resources
2015-12-21 18:38:54,243 [Worker-20] WARN  o.e.m.c.i.embedder.EclipseLogger - Using platform encoding (UTF-8 actually) to copy filtered resources, i.e. build is platform dependent!
2015-12-21 18:38:54,243 [Worker-20] INFO  o.e.m.c.i.embedder.EclipseLogger - skip non existing resourceDirectory /Users/user/Desktop/BTS/SoftwareCraftsmanship/Cucumber-jvm/src/test/resources
2015-12-21 18:45:36,958 [Worker-6] WARN  o.e.m.c.i.embedder.EclipseLogger - Using platform encoding (UTF-8 actually) to copy filtered resources, i.e. build is platform dependent!
2015-12-21 18:45:36,973 [Worker-6] INFO  o.e.m.c.i.embedder.EclipseLogger - skip non existing resourceDirectory /Users/user/Desktop/BTS/SoftwareCraftsmanship/Cucumber-jvm/src/main/resources
2015-12-21 18:45:36,975 [Worker-6] WARN  o.e.m.c.i.embedder.EclipseLogger - Using platform encoding (UTF-8 actually) to copy filtered resources, i.e. build is platform dependent!
2015-12-21 18:45:36,975 [Worker-6] INFO  o.e.m.c.i.embedder.EclipseLogger - skip non existing resourceDirectory /Users/user/Desktop/BTS/SoftwareCraftsmanship/Cucumber-jvm/src/test/resources
2015-12-21 18:46:00,921 [Worker-6] WARN  o.e.m.c.i.embedder.EclipseLogger - Using platform encoding (UTF-8 actually) to copy filtered resources, i.e. build is platform dependent!
2015-12-21 18:46:00,945 [Worker-6] INFO  o.e.m.c.i.embedder.EclipseLogger - skip non existing resourceDirectory /Users/user/Desktop/BTS/SoftwareCraftsmanship/Cucumber-jvm/src/main/resources
2015-12-21 18:46:00,948 [Worker-6] WARN  o.e.m.c.i.embedder.EclipseLogger - Using platform encoding (UTF-8 actually) to copy filtered resources, i.e. build is platform dependent!
2015-12-21 18:46:00,971 [Worker-6] INFO  o.e.m.c.i.embedder.EclipseLogger - skip non existing resourceDirectory /Users/user/Desktop/BTS/SoftwareCraftsmanship/Cucumber-jvm/src/test/resources
2015-12-21 18:46:04,110 [Worker-6] WARN  o.e.m.c.i.embedder.EclipseLogger - Using platform encoding (UTF-8 actually) to copy filtered resources, i.e. build is platform dependent!
2015-12-21 18:46:04,111 [Worker-6] INFO  o.e.m.c.i.embedder.EclipseLogger - skip non existing resourceDirectory /Users/user/Desktop/BTS/SoftwareCraftsmanship/Cucumber-jvm/src/main/resources
2015-12-21 18:46:04,112 [Worker-6] WARN  o.e.m.c.i.embedder.EclipseLogger - Using platform encoding (UTF-8 actually) to copy filtered resources, i.e. build is platform dependent!
2015-12-21 18:46:04,113 [Worker-6] INFO  o.e.m.c.i.embedder.EclipseLogger - skip non existing resourceDirectory /Users/user/Desktop/BTS/SoftwareCraftsmanship/Cucumber-jvm/src/test/resources
2015-12-21 18:47:09,512 [Worker-22] WARN  o.e.m.c.i.embedder.EclipseLogger - Using platform encoding (UTF-8 actually) to copy filtered resources, i.e. build is platform dependent!
2015-12-21 18:47:09,513 [Worker-22] INFO  o.e.m.c.i.embedder.EclipseLogger - skip non existing resourceDirectory /Users/user/Desktop/BTS/SoftwareCraftsmanship/Cucumber-jvm/src/main/resources
2015-12-21 18:47:09,515 [Worker-22] WARN  o.e.m.c.i.embedder.EclipseLogger - Using platform encoding (UTF-8 actually) to copy filtered resources, i.e. build is platform dependent!
2015-12-21 18:47:09,515 [Worker-22] INFO  o.e.m.c.i.embedder.EclipseLogger - skip non existing resourceDirectory /Users/user/Desktop/BTS/SoftwareCraftsmanship/Cucumber-jvm/src/test/resources
2015-12-21 18:47:44,153 [Worker-24] WARN  o.e.m.c.i.embedder.EclipseLogger - Using platform encoding (UTF-8 actually) to copy filtered resources, i.e. build is platform dependent!
2015-12-21 18:47:44,154 [Worker-24] INFO  o.e.m.c.i.embedder.EclipseLogger - skip non existing resourceDirectory /Users/user/Desktop/BTS/SoftwareCraftsmanship/Cucumber-jvm/src/main/resources
2015-12-21 18:47:44,155 [Worker-24] WARN  o.e.m.c.i.embedder.EclipseLogger - Using platform encoding (UTF-8 actually) to copy filtered resources, i.e. build is platform dependent!
2015-12-21 18:47:44,156 [Worker-24] INFO  o.e.m.c.i.embedder.EclipseLogger - skip non existing resourceDirectory /Users/user/Desktop/BTS/SoftwareCraftsmanship/Cucumber-jvm/src/test/resources
2015-12-21 18:48:49,831 [Worker-6] WARN  o.e.m.c.i.embedder.EclipseLogger - Using platform encoding (UTF-8 actually) to copy filtered resources, i.e. build is platform dependent!
2015-12-21 18:48:49,832 [Worker-6] INFO  o.e.m.c.i.embedder.EclipseLogger - skip non existing resourceDirectory /Users/user/Desktop/BTS/SoftwareCraftsmanship/Cucumber-jvm/src/main/resources
2015-12-21 18:48:49,835 [Worker-6] WARN  o.e.m.c.i.embedder.EclipseLogger - Using platform encoding (UTF-8 actually) to copy filtered resources, i.e. build is platform dependent!
2015-12-21 18:48:49,836 [Worker-6] INFO  o.e.m.c.i.embedder.EclipseLogger - skip non existing resourceDirectory /Users/user/Desktop/BTS/SoftwareCraftsmanship/Cucumber-jvm/src/test/resources
2015-12-21 18:49:01,918 [Worker-24] WARN  o.e.m.c.i.embedder.EclipseLogger - Using platform encoding (UTF-8 actually) to copy filtered resources, i.e. build is platform dependent!
2015-12-21 18:49:01,919 [Worker-24] INFO  o.e.m.c.i.embedder.EclipseLogger - skip non existing resourceDirectory /Users/user/Desktop/BTS/SoftwareCraftsmanship/Cucumber-jvm/src/main/resources
2015-12-21 18:49:01,920 [Worker-24] WARN  o.e.m.c.i.embedder.EclipseLogger - Using platform encoding (UTF-8 actually) to copy filtered resources, i.e. build is platform dependent!
2015-12-21 18:49:01,921 [Worker-24] INFO  o.e.m.c.i.embedder.EclipseLogger - skip non existing resourceDirectory /Users/user/Desktop/BTS/SoftwareCraftsmanship/Cucumber-jvm/src/test/resources
2015-12-21 18:49:20,420 [Worker-24] WARN  o.e.m.c.i.embedder.EclipseLogger - Using platform encoding (UTF-8 actually) to copy filtered resources, i.e. build is platform dependent!
2015-12-21 18:49:20,494 [Worker-24] INFO  o.e.m.c.i.embedder.EclipseLogger - skip non existing resourceDirectory /Users/user/Desktop/BTS/SoftwareCraftsmanship/Cucumber-jvm/src/main/resources
2015-12-21 18:49:20,495 [Worker-24] WARN  o.e.m.c.i.embedder.EclipseLogger - Using platform encoding (UTF-8 actually) to copy filtered resources, i.e. build is platform dependent!
2015-12-21 18:49:20,496 [Worker-24] INFO  o.e.m.c.i.embedder.EclipseLogger - skip non existing resourceDirectory /Users/user/Desktop/BTS/SoftwareCraftsmanship/Cucumber-jvm/src/test/resources
2015-12-21 18:50:01,754 [Worker-6] WARN  o.e.m.c.i.embedder.EclipseLogger - Using platform encoding (UTF-8 actually) to copy filtered resources, i.e. build is platform dependent!
2015-12-21 18:50:01,755 [Worker-6] INFO  o.e.m.c.i.embedder.EclipseLogger - skip non existing resourceDirectory /Users/user/Desktop/BTS/SoftwareCraftsmanship/Cucumber-jvm/src/main/resources
2015-12-21 18:50:01,756 [Worker-6] WARN  o.e.m.c.i.embedder.EclipseLogger - Using platform encoding (UTF-8 actually) to copy filtered resources, i.e. build is platform dependent!
2015-12-21 18:50:01,756 [Worker-6] INFO  o.e.m.c.i.embedder.EclipseLogger - skip non existing resourceDirectory /Users/user/Desktop/BTS/SoftwareCraftsmanship/Cucumber-jvm/src/test/resources
